<?xml version="1.0" encoding="UTF-8"?>
<testsuite name="AppTest" tests="2" skipped="0" failures="0" errors="0" timestamp="2016-04-21T18:17:37" hostname="epicodus-47.local" time="0.16">
  <properties/>
  <testcase name="giveChange_fiveCents_oneNickel" classname="AppTest" time="0.003"/>
  <testcase name="rootTest" classname="AppTest" time="0.152"/>
  <system-out><![CDATA[[0, 0, 1, null]
]]></system-out>
  <system-err><![CDATA[]]></system-err>
</testsuite>
