<?xml version="1.0" encoding="UTF-8"?>
<testsuite name="AppTest" tests="4" skipped="0" failures="0" errors="0" timestamp="2016-04-21T17:32:46" hostname="epicodus-47.local" time="0.167">
  <properties/>
  <testcase name="giveChange_twentyFiveCents_oneQuarter" classname="AppTest" time="0.003"/>
  <testcase name="rootTest" classname="AppTest" time="0.148"/>
  <testcase name="giveChange_sixtyCents_twoQuarters" classname="AppTest" time="0.0"/>
  <testcase name="giveChange_tenCents_oneDime" classname="AppTest" time="0.001"/>
  <system-out><![CDATA[[1, 0, null, null]
[2, 1, null, null]
[0, 1, null, null]
]]></system-out>
  <system-err><![CDATA[]]></system-err>
</testsuite>
