<?xml version="1.0" encoding="UTF-8"?>
<testsuite name="AppTest" tests="2" skipped="0" failures="0" errors="0" timestamp="2016-04-21T20:31:23" hostname="epicodus-47.local" time="0.289">
  <properties/>
  <testcase name="giveChange_fortyOneCents_oneOfEach" classname="AppTest" time="0.002"/>
  <testcase name="rootTest" classname="AppTest" time="0.281"/>
  <system-out><![CDATA[[1, 1, 1, 1]
]]></system-out>
  <system-err><![CDATA[[Thread-4] INFO org.eclipse.jetty.util.log - Logging initialized @519ms
[Thread-4] INFO spark.webserver.JettySparkServer - == Spark has ignited ...
[Thread-4] INFO spark.webserver.JettySparkServer - >> Listening on 0.0.0.0:4567
[Thread-4] INFO org.eclipse.jetty.server.Server - jetty-9.3.2.v20150730
[Thread-4] INFO org.eclipse.jetty.server.ServerConnector - Started ServerConnector@4955f84a{HTTP/1.1,[http/1.1]}{0.0.0.0:4567}
[Thread-4] INFO org.eclipse.jetty.server.Server - Started @576ms
Apr 21, 2016 1:31:24 PM com.gargoylesoftware.htmlunit.html.InputElementFactory createElementNS
INFO: Bad input type: "number", creating a text input
[Test worker] INFO spark.webserver.JettySparkServer - >>> Spark shutting down ...
[Test worker] INFO org.eclipse.jetty.server.ServerConnector - Stopped ServerConnector@4955f84a{HTTP/1.1,[http/1.1]}{0.0.0.0:4567}
[Test worker] INFO spark.webserver.JettySparkServer - done
]]></system-err>
</testsuite>
