<?xml version="1.0" encoding="UTF-8"?>
<testsuite name="AppTest" tests="2" skipped="0" failures="0" errors="0" timestamp="2016-04-21T18:31:56" hostname="epicodus-47.local" time="0.163">
  <properties/>
  <testcase name="giveChange_fortyOneCents_oneOfEach" classname="AppTest" time="0.003"/>
  <testcase name="rootTest" classname="AppTest" time="0.154"/>
  <system-out><![CDATA[[1, 1, 1, 1]
]]></system-out>
  <system-err><![CDATA[]]></system-err>
</testsuite>
